2023-08-20 14:02:59,494 DEBUG [main] InternalLoggerFactory:89 - Using Log4J as the default logging framework
2023-08-20 14:02:59,510 DEBUG [main] ResourceLeakDetector:129 - -Dio.netty.leakDetection.level: simple
2023-08-20 14:02:59,511 DEBUG [main] ResourceLeakDetector:130 - -Dio.netty.leakDetection.targetRecords: 4
2023-08-20 14:02:59,522 DEBUG [main] ResourceLeakDetectorFactory:196 - Loaded default ResourceLeakDetector: io.netty.util.ResourceLeakDetector@6b69761b
2023-08-20 14:02:59,609 DEBUG [main] PlatformDependent0:496 - -Dio.netty.noUnsafe: false
2023-08-20 14:02:59,609 DEBUG [main] PlatformDependent0:1000 - Java version: 8
2023-08-20 14:02:59,612 DEBUG [main] PlatformDependent0:137 - sun.misc.Unsafe.theUnsafe: available
2023-08-20 14:02:59,614 DEBUG [main] PlatformDependent0:161 - sun.misc.Unsafe.copyMemory: available
2023-08-20 14:02:59,616 DEBUG [main] PlatformDependent0:193 - sun.misc.Unsafe.storeFence: available
2023-08-20 14:02:59,618 DEBUG [main] PlatformDependent0:236 - java.nio.Buffer.address: available
2023-08-20 14:02:59,619 DEBUG [main] PlatformDependent0:307 - direct buffer constructor: available
2023-08-20 14:02:59,621 DEBUG [main] PlatformDependent0:385 - java.nio.Bits.unaligned: available, true
2023-08-20 14:02:59,621 DEBUG [main] PlatformDependent0:459 - jdk.internal.misc.Unsafe.allocateUninitializedArray(int): unavailable prior to Java9
2023-08-20 14:02:59,622 DEBUG [main] PlatformDependent0:482 - java.nio.DirectByteBuffer.<init>(long, int): available
2023-08-20 14:02:59,622 DEBUG [main] PlatformDependent:1159 - sun.misc.Unsafe: available
2023-08-20 14:02:59,623 DEBUG [main] PlatformDependent:1289 - -Dio.netty.tmpdir: C:\Users\ASUS\AppData\Local\Temp (java.io.tmpdir)
2023-08-20 14:02:59,624 DEBUG [main] PlatformDependent:1368 - -Dio.netty.bitMode: 64 (sun.arch.data.model)
2023-08-20 14:02:59,626 DEBUG [main] PlatformDependent:1119 - Platform: Windows
2023-08-20 14:02:59,628 DEBUG [main] PlatformDependent:178 - -Dio.netty.maxDirectMemory: 1420820480 bytes
2023-08-20 14:02:59,629 DEBUG [main] PlatformDependent:185 - -Dio.netty.uninitializedArrayAllocationThreshold: -1
2023-08-20 14:02:59,632 DEBUG [main] CleanerJava6:92 - java.nio.ByteBuffer.cleaner(): available
2023-08-20 14:02:59,632 DEBUG [main] PlatformDependent:205 - -Dio.netty.noPreferDirect: false
2023-08-20 14:02:59,680 DEBUG [main] PlatformDependent:1010 - org.jctools-core.MpscChunkedArrayQueue: available
2023-08-20 14:02:59,766 DEBUG [main] InternalThreadLocalMap:100 - -Dio.netty.threadLocalMap.stringBuilder.initialSize: 1024
2023-08-20 14:02:59,767 DEBUG [main] InternalThreadLocalMap:101 - -Dio.netty.threadLocalMap.stringBuilder.maxSize: 4096
2023-08-20 14:03:00,264 DEBUG [main] JdkSslContext:83 - Default protocols (JDK): [TLSv1.2] 
2023-08-20 14:03:00,265 DEBUG [main] JdkSslContext:84 - Default cipher suites (JDK): [TLS_ECDHE_ECDSA_WITH_AES_256_GCM_SHA384, TLS_ECDHE_ECDSA_WITH_AES_128_GCM_SHA256, TLS_ECDHE_RSA_WITH_AES_128_GCM_SHA256, TLS_ECDHE_RSA_WITH_AES_256_GCM_SHA384, TLS_ECDHE_RSA_WITH_AES_128_CBC_SHA, TLS_ECDHE_RSA_WITH_AES_256_CBC_SHA, TLS_RSA_WITH_AES_128_GCM_SHA256, TLS_RSA_WITH_AES_128_CBC_SHA, TLS_RSA_WITH_AES_256_CBC_SHA, TLS_AES_128_GCM_SHA256, TLS_AES_256_GCM_SHA384]
2023-08-20 14:03:00,311 DEBUG [main] GlobalEventExecutor:53 - -Dio.netty.globalEventExecutor.quietPeriodSeconds: 1
2023-08-20 14:03:00,365 DEBUG [main] MultithreadEventLoopGroup:44 - -Dio.netty.eventLoopThreads: 16
2023-08-20 14:03:00,393 DEBUG [main] NioEventLoop:110 - -Dio.netty.noKeySetOptimization: false
2023-08-20 14:03:00,393 DEBUG [main] NioEventLoop:111 - -Dio.netty.selectorAutoRebuildThreshold: 512
2023-08-20 14:03:00,494 DEBUG [main] PooledByteBufAllocator:157 - -Dio.netty.allocator.numHeapArenas: 16
2023-08-20 14:03:00,494 DEBUG [main] PooledByteBufAllocator:158 - -Dio.netty.allocator.numDirectArenas: 16
2023-08-20 14:03:00,494 DEBUG [main] PooledByteBufAllocator:160 - -Dio.netty.allocator.pageSize: 8192
2023-08-20 14:03:00,494 DEBUG [main] PooledByteBufAllocator:165 - -Dio.netty.allocator.maxOrder: 9
2023-08-20 14:03:00,494 DEBUG [main] PooledByteBufAllocator:169 - -Dio.netty.allocator.chunkSize: 4194304
2023-08-20 14:03:00,495 DEBUG [main] PooledByteBufAllocator:170 - -Dio.netty.allocator.smallCacheSize: 256
2023-08-20 14:03:00,495 DEBUG [main] PooledByteBufAllocator:171 - -Dio.netty.allocator.normalCacheSize: 64
2023-08-20 14:03:00,495 DEBUG [main] PooledByteBufAllocator:172 - -Dio.netty.allocator.maxCachedBufferCapacity: 32768
2023-08-20 14:03:00,495 DEBUG [main] PooledByteBufAllocator:173 - -Dio.netty.allocator.cacheTrimInterval: 8192
2023-08-20 14:03:00,495 DEBUG [main] PooledByteBufAllocator:174 - -Dio.netty.allocator.cacheTrimIntervalMillis: 0
2023-08-20 14:03:00,496 DEBUG [main] PooledByteBufAllocator:175 - -Dio.netty.allocator.useCacheForAllThreads: false
2023-08-20 14:03:00,496 DEBUG [main] PooledByteBufAllocator:176 - -Dio.netty.allocator.maxCachedByteBuffersPerChunk: 1023
2023-08-20 14:03:00,524 DEBUG [main] ByteBufUtil:88 - -Dio.netty.allocator.type: pooled
2023-08-20 14:03:00,525 DEBUG [main] ByteBufUtil:97 - -Dio.netty.threadLocalDirectBufferSize: 0
2023-08-20 14:03:00,526 DEBUG [main] ByteBufUtil:100 - -Dio.netty.maxThreadLocalCharBufferSize: 16384
2023-08-20 14:03:01,120 DEBUG [Forwarding newSession on session null to remote] DefaultChannelId:79 - -Dio.netty.processId: 10888 (auto-detected)
2023-08-20 14:03:01,125 DEBUG [Forwarding newSession on session null to remote] NetUtil:148 - -Djava.net.preferIPv4Stack: false
2023-08-20 14:03:01,126 DEBUG [Forwarding newSession on session null to remote] NetUtil:149 - -Djava.net.preferIPv6Addresses: false
2023-08-20 14:03:01,265 DEBUG [Forwarding newSession on session null to remote] NetUtilInitializations:145 - Loopback interface: lo (Software Loopback Interface 1, 127.0.0.1)
2023-08-20 14:03:01,267 DEBUG [Forwarding newSession on session null to remote] NetUtil:206 - Failed to get SOMAXCONN from sysctl and file \proc\sys\net\core\somaxconn. Default: 200
2023-08-20 14:03:01,274 DEBUG [Forwarding newSession on session null to remote] DefaultChannelId:101 - -Dio.netty.machineId: f8:e4:e3:ff:fe:49:a8:04 (auto-detected)
2023-08-20 14:03:01,414 DEBUG [AsyncHttpClient-1-2] AbstractByteBuf:63 - -Dio.netty.buffer.checkAccessible: true
2023-08-20 14:03:01,415 DEBUG [AsyncHttpClient-1-2] AbstractByteBuf:64 - -Dio.netty.buffer.checkBounds: true
2023-08-20 14:03:01,415 DEBUG [AsyncHttpClient-1-2] ResourceLeakDetectorFactory:196 - Loaded default ResourceLeakDetector: io.netty.util.ResourceLeakDetector@21b66f0f
2023-08-20 14:03:01,513 DEBUG [AsyncHttpClient-1-2] Recycler:96 - -Dio.netty.recycler.maxCapacityPerThread: 4096
2023-08-20 14:03:01,514 DEBUG [AsyncHttpClient-1-2] Recycler:97 - -Dio.netty.recycler.ratio: 8
2023-08-20 14:03:01,514 DEBUG [AsyncHttpClient-1-2] Recycler:98 - -Dio.netty.recycler.chunkSize: 32
2023-08-20 14:03:01,514 DEBUG [AsyncHttpClient-1-2] Recycler:99 - -Dio.netty.recycler.blocking: false
2023-08-20 14:03:01,515 DEBUG [AsyncHttpClient-1-2] Recycler:100 - -Dio.netty.recycler.batchFastThreadLocalOnly: true
2023-08-20 14:03:02,324 DEBUG [AsyncHttpClient-1-2] Brotli:38 - brotli4j not in the classpath; Brotli support will be unavailable.
